Build started 2016-01-10 17:01:39.
     1>Project "C:\Users\Saulius\documents\visual studio 2013\Projects\21 skyrius\21 skyrius\21 skyrius.vcxproj" on node 2 (Build target(s)).
     1>ClCompile:
         C:\Program Files (x86)\Microsoft Visual Studio 12.0\VC\bin\CL.exe /c /Zi /nologo /W3 /WX- /O2 /Oi /Oy- /GL /D WIN32 /D NDEBUG /D _CONSOLE /D _LIB /D _UNICODE /D UNICODE /Gm- /EHsc /MD /GS /Gy /fp:precise /Zc:wchar_t /Zc:forScope /Fo"Release\\" /Fd"Release\vc120.pdb" /Gd /TP /analyze- /errorReport:prompt "21 skyrius.cpp"
         21 skyrius.cpp
     1>21 skyrius.cpp(279): warning C4018: '<' : signed/unsigned mismatch
     1>21 skyrius.cpp(284): warning C4018: '<' : signed/unsigned mismatch
     1>21 skyrius.cpp(286): warning C4244: '=' : conversion from 'double' to 'int', possible loss of data
     1>21 skyrius.cpp(291): warning C4018: '<' : signed/unsigned mismatch
     1>21 skyrius.cpp(298): warning C4018: '<' : signed/unsigned mismatch
     1>21 skyrius.cpp(306): warning C4018: '<' : signed/unsigned mismatch
     1>21 skyrius.cpp(313): warning C4018: '<' : signed/unsigned mismatch
     1>21 skyrius.cpp(324): warning C4018: '<' : signed/unsigned mismatch
       Link:
         C:\Program Files (x86)\Microsoft Visual Studio 12.0\VC\bin\link.exe /ERRORREPORT:PROMPT /OUT:"C:\Users\Saulius\documents\visual studio 2013\Projects\21 skyrius\Release\21 skyrius.exe" /INCREMENTAL:NO /NOLOGO kernel32.lib user32.lib gdi32.lib winspool.lib comdlg32.lib advapi32.lib shell32.lib ole32.lib oleaut32.lib uuid.lib odbc32.lib odbccp32.lib /MANIFEST /MANIFESTUAC:"level='asInvoker' uiAccess='false'" /manifest:embed /DEBUG /PDB:"C:\Users\Saulius\documents\visual studio 2013\Projects\21 skyrius\Release\21 skyrius.pdb" /SUBSYSTEM:CONSOLE /OPT:REF /OPT:ICF /LTCG /TLBID:1 /DYNAMICBASE /NXCOMPAT /IMPLIB:"C:\Users\Saulius\documents\visual studio 2013\Projects\21 skyrius\Release\21 skyrius.lib" /MACHINE:X86 /SAFESEH "Release\21 skyrius.obj"
         Generating code
         Finished generating code
         21 skyrius.vcxproj -> C:\Users\Saulius\documents\visual studio 2013\Projects\21 skyrius\Release\21 skyrius.exe
     1>Done Building Project "C:\Users\Saulius\documents\visual studio 2013\Projects\21 skyrius\21 skyrius\21 skyrius.vcxproj" (Build target(s)).

Build succeeded.

Time Elapsed 00:00:01.15
